<<<<<<< HEAD
﻿  VentanaPrincipal.cpp
C:\Users\josue\OneDrive\Desktop\Koi\Koi\Koi\VentanaPrincipal.h(246,13): warning C4244: 'argument': conversion from 'time_t' to 'unsigned int', possible loss of data
=======
<<<<<<< HEAD
﻿  .NETFramework,Version=v4.7.2.AssemblyAttributes.cpp
  Ventana2.cpp
  VentanaPrincipal.cpp
C:\Users\Nicole Flores\Downloads\prueba interfaz\Koi\Koi\VentanaPrincipal.h(230,13): warning C4244: 'argumento': conversión de 'time_t' a 'unsigned int'; posible pérdida de datos
  (compilando archivo de origen "VentanaPrincipal.cpp")
  
C:\Users\Nicole Flores\Downloads\prueba interfaz\Koi\Koi\VentanaPrincipal.cpp(6,6): warning C4829: Parámetros posiblemente incorrectos para la función main. Utilice 'int main(Platform::Array<Platform::String^>^ argv)'
  funciones.cpp
C:\Users\Nicole Flores\Downloads\prueba interfaz\Koi\Koi\funciones.cpp(16,15): warning C4244: 'argumento': conversión de 'time_t' a 'unsigned int'; posible pérdida de datos
C:\Users\Nicole Flores\Downloads\prueba interfaz\Koi\Koi\funciones.cpp(117,15): warning C4244: 'argumento': conversión de 'time_t' a 'unsigned int'; posible pérdida de datos
C:\Users\Nicole Flores\Downloads\prueba interfaz\Koi\Koi\funciones.cpp(132,15): warning C4244: 'argumento': conversión de 'time_t' a 'unsigned int'; posible pérdida de datos
C:\Users\Nicole Flores\Downloads\prueba interfaz\Koi\Koi\funciones.cpp(135,28): warning C4244: '=': conversión de 'int' a 'float'; posible pérdida de datos
C:\Users\Nicole Flores\Downloads\prueba interfaz\Koi\Koi\funciones.cpp(136,29): warning C4244: '=': conversión de 'int' a 'float'; posible pérdida de datos
C:\Users\Nicole Flores\Downloads\prueba interfaz\Koi\Koi\funciones.cpp(142,36): warning C4244: '=': conversión de 'int' a 'float'; posible pérdida de datos
  Generando código...
  funciones.obj : se encontró un módulo MSIL; vinculación incremental deshabilitada para MSIL; ejecutando vínculo completo
  Koi.vcxproj -> C:\Users\Nicole Flores\Downloads\prueba interfaz\Koi\Debug\Koi.exe
=======
﻿  Ventana2.cpp
  VentanaPrincipal.cpp
C:\Users\josue\OneDrive\Desktop\Koi\Koi\Koi\VentanaPrincipal.h(230,13): warning C4244: 'argument': conversion from 'time_t' to 'unsigned int', possible loss of data
>>>>>>> 1be0bb14fc1582d7695ce1f99b5569141abed70e
  (compiling source file 'VentanaPrincipal.cpp')
  
C:\Users\josue\OneDrive\Desktop\Koi\Koi\Koi\VentanaPrincipal.cpp(6,6): warning C4829: Possibly incorrect parameters to function main. Consider 'int main(Platform::Array<Platform::String^>^ argv)'
  funciones.obj : MSIL module encountered; incremental linking is disabled for MSIL; performing full link
  Koi.vcxproj -> C:\Users\josue\OneDrive\Desktop\Koi\Koi\Debug\Koi.exe
>>>>>>> fa2a4eb2e888d429e5e116b31ad806b56bd12779
